# JRE version: OpenJDK Runtime Environment (8.0_242-b01) (build 1.8.0_242-release-1644-b01)
# Java VM: OpenJDK 64-Bit Server VM (25.242-b01 mixed mode windows-amd64 compressed oops)
Heap:
 PSYoungGen      total 247808K, used 24256K [0x00000000e0000000, 0x00000000f3400000, 0x0000000100000000)
  eden space 231936K, 8% used [0x00000000e0000000,0x00000000e1265028,0x00000000ee280000)
  from space 15872K, 34% used [0x00000000ee280000,0x00000000ee7cb178,0x00000000ef200000)
  to   space 15872K, 0% used [0x00000000f2480000,0x00000000f2480000,0x00000000f3400000)
 ParOldGen       total 174080K, used 32204K [0x00000000a0000000, 0x00000000aaa00000, 0x00000000e0000000)
  object space 174080K, 18% used [0x00000000a0000000,0x00000000a1f73288,0x00000000aaa00000)
 Metaspace       used 49873K, capacity 51776K, committed 52096K, reserved 1095680K
  class space    used 6303K, capacity 6661K, committed 6784K, reserved 1048576K
GC Heap History (10 events):
Event: 1063.018 GC heap before
{Heap before GC invocations=21 (full 2):
 PSYoungGen      total 199168K, used 191129K [0x00000000e0000000, 0x00000000ed380000, 0x0000000100000000)
  eden space 184320K, 100% used [0x00000000e0000000,0x00000000eb400000,0x00000000eb400000)
  from space 14848K, 45% used [0x00000000ec300000,0x00000000ec9a67f8,0x00000000ed180000)
  to   space 15360K, 0% used [0x00000000eb400000,0x00000000eb400000,0x00000000ec300000)
 ParOldGen       total 174080K, used 25826K [0x00000000a0000000, 0x00000000aaa00000, 0x00000000e0000000)
  object space 174080K, 14% used [0x00000000a0000000,0x00000000a1938b60,0x00000000aaa00000)
 Metaspace       used 49835K, capacity 51712K, committed 51840K, reserved 1093632K
  class space    used 6301K, capacity 6661K, committed 6784K, reserved 1048576K
Event: 1063.044 GC heap after
Heap after GC invocations=21 (full 2):
 PSYoungGen      total 199680K, used 4194K [0x00000000e0000000, 0x00000000f0180000, 0x0000000100000000)
  eden space 184320K, 0% used [0x00000000e0000000,0x00000000e0000000,0x00000000eb400000)
  from space 15360K, 27% used [0x00000000eb400000,0x00000000eb818b98,0x00000000ec300000)
  to   space 15872K, 0% used [0x00000000ef200000,0x00000000ef200000,0x00000000f0180000)
 ParOldGen       total 174080K, used 28783K [0x00000000a0000000, 0x00000000aaa00000, 0x00000000e0000000)
  object space 174080K, 16% used [0x00000000a0000000,0x00000000a1c1bca0,0x00000000aaa00000)
 Metaspace       used 49835K, capacity 51712K, committed 51840K, reserved 1093632K
  class space    used 6301K, capacity 6661K, committed 6784K, reserved 1048576K
}
Event: 1064.173 GC heap before
{Heap before GC invocations=22 (full 2):
 PSYoungGen      total 199680K, used 188514K [0x00000000e0000000, 0x00000000f0180000, 0x0000000100000000)
  eden space 184320K, 100% used [0x00000000e0000000,0x00000000eb400000,0x00000000eb400000)
  from space 15360K, 27% used [0x00000000eb400000,0x00000000eb818b98,0x00000000ec300000)
  to   space 15872K, 0% used [0x00000000ef200000,0x00000000ef200000,0x00000000f0180000)
 ParOldGen       total 174080K, used 28812K [0x00000000a0000000, 0x00000000aaa00000, 0x00000000e0000000)
  object space 174080K, 16% used [0x00000000a0000000,0x00000000a1c23000,0x00000000aaa00000)
 Metaspace       used 49857K, capacity 51776K, committed 52096K, reserved 1095680K
  class space    used 6302K, capacity 6661K, committed 6784K, reserved 1048576K
Event: 1064.191 GC heap after
Heap after GC invocations=22 (full 2):
 PSYoungGen      total 241664K, used 3764K [0x00000000e0000000, 0x00000000efe80000, 0x0000000100000000)
  eden space 228864K, 0% used [0x00000000e0000000,0x00000000e0000000,0x00000000edf80000)
  from space 12800K, 29% used [0x00000000ef200000,0x00000000ef5ad0c0,0x00000000efe80000)
  to   space 15872K, 0% used [0x00000000edf80000,0x00000000edf80000,0x00000000eef00000)
 ParOldGen       total 174080K, used 29402K [0x00000000a0000000, 0x00000000aaa00000, 0x00000000e0000000)
  object space 174080K, 16% used [0x00000000a0000000,0x00000000a1cb6b88,0x00000000aaa00000)
 Metaspace       used 49857K, capacity 51776K, committed 52096K, reserved 1095680K
  class space    used 6302K, capacity 6661K, committed 6784K, reserved 1048576K
}
Event: 1065.787 GC heap before
{Heap before GC invocations=23 (full 2):
 PSYoungGen      total 241664K, used 232628K [0x00000000e0000000, 0x00000000efe80000, 0x0000000100000000)
  eden space 228864K, 100% used [0x00000000e0000000,0x00000000edf80000,0x00000000edf80000)
  from space 12800K, 29% used [0x00000000ef200000,0x00000000ef5ad0c0,0x00000000efe80000)
  to   space 15872K, 0% used [0x00000000edf80000,0x00000000edf80000,0x00000000eef00000)
 ParOldGen       total 174080K, used 30598K [0x00000000a0000000, 0x00000000aaa00000, 0x00000000e0000000)
  object space 174080K, 17% used [0x00000000a0000000,0x00000000a1de1bc0,0x00000000aaa00000)
 Metaspace       used 49866K, capacity 51776K, committed 52096K, reserved 1095680K
  class space    used 6303K, capacity 6661K, committed 6784K, reserved 1048576K
Event: 1065.889 GC heap after
Heap after GC invocations=23 (full 2):
 PSYoungGen      total 244736K, used 4034K [0x00000000e0000000, 0x00000000efe80000, 0x0000000100000000)
  eden space 228864K, 0% used [0x00000000e0000000,0x00000000e0000000,0x00000000edf80000)
  from space 15872K, 25% used [0x00000000edf80000,0x00000000ee370b50,0x00000000eef00000)
  to   space 12800K, 0% used [0x00000000ef200000,0x00000000ef200000,0x00000000efe80000)
 ParOldGen       total 174080K, used 31118K [0x00000000a0000000, 0x00000000aaa00000, 0x00000000e0000000)
  object space 174080K, 17% used [0x00000000a0000000,0x00000000a1e63bc0,0x00000000aaa00000)
 Metaspace       used 49866K, capacity 51776K, committed 52096K, reserved 1095680K
  class space    used 6303K, capacity 6661K, committed 6784K, reserved 1048576K
}
Event: 1067.309 GC heap before
{Heap before GC invocations=24 (full 2):
 PSYoungGen      total 244736K, used 232898K [0x00000000e0000000, 0x00000000efe80000, 0x0000000100000000)
  eden space 228864K, 100% used [0x00000000e0000000,0x00000000edf80000,0x00000000edf80000)
  from space 15872K, 25% used [0x00000000edf80000,0x00000000ee370b50,0x00000000eef00000)
  to   space 12800K, 0% used [0x00000000ef200000,0x00000000ef200000,0x00000000efe80000)
 ParOldGen       total 174080K, used 31122K [0x00000000a0000000, 0x00000000aaa00000, 0x00000000e0000000)
  object space 174080K, 17% used [0x00000000a0000000,0x00000000a1e64bc8,0x00000000aaa00000)
 Metaspace       used 49868K, capacity 51776K, committed 52096K, reserved 1095680K
  class space    used 6303K, capacity 6661K, committed 6784K, reserved 1048576K
Event: 1067.328 GC heap after
Heap after GC invocations=24 (full 2):
 PSYoungGen      total 244736K, used 4660K [0x00000000e0000000, 0x00000000f3400000, 0x0000000100000000)
  eden space 231936K, 0% used [0x00000000e0000000,0x00000000e0000000,0x00000000ee280000)
  from space 12800K, 36% used [0x00000000ef200000,0x00000000ef68d290,0x00000000efe80000)
  to   space 15872K, 0% used [0x00000000ee280000,0x00000000ee280000,0x00000000ef200000)
 ParOldGen       total 174080K, used 31538K [0x00000000a0000000, 0x00000000aaa00000, 0x00000000e0000000)
  object space 174080K, 18% used [0x00000000a0000000,0x00000000a1eccbe8,0x00000000aaa00000)
 Metaspace       used 49868K, capacity 51776K, committed 52096K, reserved 1095680K
  class space    used 6303K, capacity 6661K, committed 6784K, reserved 1048576K
}
Event: 1068.092 GC heap before
{Heap before GC invocations=25 (full 2):
 PSYoungGen      total 244736K, used 236596K [0x00000000e0000000, 0x00000000f3400000, 0x0000000100000000)
  eden space 231936K, 100% used [0x00000000e0000000,0x00000000ee280000,0x00000000ee280000)
  from space 12800K, 36% used [0x00000000ef200000,0x00000000ef68d290,0x00000000efe80000)
  to   space 15872K, 0% used [0x00000000ee280000,0x00000000ee280000,0x00000000ef200000)
 ParOldGen       total 174080K, used 31634K [0x00000000a0000000, 0x00000000aaa00000, 0x00000000e0000000)
  object space 174080K, 18% used [0x00000000a0000000,0x00000000a1ee4858,0x00000000aaa00000)
 Metaspace       used 49873K, capacity 51776K, committed 52096K, reserved 1095680K
  class space    used 6303K, capacity 6661K, committed 6784K, reserved 1048576K
Event: 1068.100 GC heap after
Heap after GC invocations=25 (full 2):
 PSYoungGen      total 247808K, used 5420K [0x00000000e0000000, 0x00000000f3400000, 0x0000000100000000)
  eden space 231936K, 0% used [0x00000000e0000000,0x00000000e0000000,0x00000000ee280000)
  from space 15872K, 34% used [0x00000000ee280000,0x00000000ee7cb178,0x00000000ef200000)
  to   space 15872K, 0% used [0x00000000f2480000,0x00000000f2480000,0x00000000f3400000)
 ParOldGen       total 174080K, used 32204K [0x00000000a0000000, 0x00000000aaa00000, 0x00000000e0000000)
  object space 174080K, 18% used [0x00000000a0000000,0x00000000a1f73288,0x00000000aaa00000)
 Metaspace       used 49873K, capacity 51776K, committed 52096K, reserved 1095680K
  class space    used 6303K, capacity 6661K, committed 6784K, reserved 1048576K
}

