# JRE version: OpenJDK Runtime Environment (8.0_242-b01) (build 1.8.0_242-release-1644-b01)
# Java VM: OpenJDK 64-Bit Server VM (25.242-b01 mixed mode windows-amd64 compressed oops)
Heap:
 PSYoungGen      total 67072K, used 41075K [0x000000076b380000, 0x000000076fe80000, 0x00000007c0000000)
  eden space 64000K, 59% used [0x000000076b380000,0x000000076d8ce1b0,0x000000076f200000)
  from space 3072K, 93% used [0x000000076f380000,0x000000076f64ec00,0x000000076f680000)
  to   space 3584K, 0% used [0x000000076fb00000,0x000000076fb00000,0x000000076fe80000)
 ParOldGen       total 175104K, used 48K [0x00000006c1a00000, 0x00000006cc500000, 0x000000076b380000)
  object space 175104K, 0% used [0x00000006c1a00000,0x00000006c1a0c000,0x00000006cc500000)
 Metaspace       used 9288K, capacity 9506K, committed 9600K, reserved 1058816K
  class space    used 994K, capacity 1071K, committed 1152K, reserved 1048576K
GC Heap History (10 events):
Event: 3.942 GC heap before
{Heap before GC invocations=1 (full 0):
 PSYoungGen      total 76288K, used 65536K [0x000000076b380000, 0x0000000770880000, 0x00000007c0000000)
  eden space 65536K, 100% used [0x000000076b380000,0x000000076f380000,0x000000076f380000)
  from space 10752K, 0% used [0x000000076fe00000,0x000000076fe00000,0x0000000770880000)
  to   space 10752K, 0% used [0x000000076f380000,0x000000076f380000,0x000000076fe00000)
 ParOldGen       total 175104K, used 0K [0x00000006c1a00000, 0x00000006cc500000, 0x000000076b380000)
  object space 175104K, 0% used [0x00000006c1a00000,0x00000006c1a00000,0x00000006cc500000)
 Metaspace       used 9284K, capacity 9506K, committed 9600K, reserved 1058816K
  class space    used 994K, capacity 1071K, committed 1152K, reserved 1048576K
Event: 3.948 GC heap after
Heap after GC invocations=1 (full 0):
 PSYoungGen      total 76288K, used 3427K [0x000000076b380000, 0x0000000770880000, 0x00000007c0000000)
  eden space 65536K, 0% used [0x000000076b380000,0x000000076b380000,0x000000076f380000)
  from space 10752K, 31% used [0x000000076f380000,0x000000076f6d8d18,0x000000076fe00000)
  to   space 10752K, 0% used [0x000000076fe00000,0x000000076fe00000,0x0000000770880000)
 ParOldGen       total 175104K, used 16K [0x00000006c1a00000, 0x00000006cc500000, 0x000000076b380000)
  object space 175104K, 0% used [0x00000006c1a00000,0x00000006c1a04000,0x00000006cc500000)
 Metaspace       used 9284K, capacity 9506K, committed 9600K, reserved 1058816K
  class space    used 994K, capacity 1071K, committed 1152K, reserved 1048576K
}
Event: 6.646 GC heap before
{Heap before GC invocations=2 (full 0):
 PSYoungGen      total 76288K, used 68963K [0x000000076b380000, 0x0000000770880000, 0x00000007c0000000)
  eden space 65536K, 100% used [0x000000076b380000,0x000000076f380000,0x000000076f380000)
  from space 10752K, 31% used [0x000000076f380000,0x000000076f6d8d18,0x000000076fe00000)
  to   space 10752K, 0% used [0x000000076fe00000,0x000000076fe00000,0x0000000770880000)
 ParOldGen       total 175104K, used 16K [0x00000006c1a00000, 0x00000006cc500000, 0x000000076b380000)
  object space 175104K, 0% used [0x00000006c1a00000,0x00000006c1a04000,0x00000006cc500000)
 Metaspace       used 9288K, capacity 9506K, committed 9600K, reserved 1058816K
  class space    used 994K, capacity 1071K, committed 1152K, reserved 1048576K
Event: 6.651 GC heap after
Heap after GC invocations=2 (full 0):
 PSYoungGen      total 76288K, used 2938K [0x000000076b380000, 0x0000000770880000, 0x00000007c0000000)
  eden space 65536K, 0% used [0x000000076b380000,0x000000076b380000,0x000000076f380000)
  from space 10752K, 27% used [0x000000076fe00000,0x00000007700de9c0,0x0000000770880000)
  to   space 10752K, 0% used [0x000000076f380000,0x000000076f380000,0x000000076fe00000)
 ParOldGen       total 175104K, used 24K [0x00000006c1a00000, 0x00000006cc500000, 0x000000076b380000)
  object space 175104K, 0% used [0x00000006c1a00000,0x00000006c1a06000,0x00000006cc500000)
 Metaspace       used 9288K, capacity 9506K, committed 9600K, reserved 1058816K
  class space    used 994K, capacity 1071K, committed 1152K, reserved 1048576K
}
Event: 9.237 GC heap before
{Heap before GC invocations=3 (full 0):
 PSYoungGen      total 76288K, used 68474K [0x000000076b380000, 0x0000000770880000, 0x00000007c0000000)
  eden space 65536K, 100% used [0x000000076b380000,0x000000076f380000,0x000000076f380000)
  from space 10752K, 27% used [0x000000076fe00000,0x00000007700de9c0,0x0000000770880000)
  to   space 10752K, 0% used [0x000000076f380000,0x000000076f380000,0x000000076fe00000)
 ParOldGen       total 175104K, used 24K [0x00000006c1a00000, 0x00000006cc500000, 0x000000076b380000)
  object space 175104K, 0% used [0x00000006c1a00000,0x00000006c1a06000,0x00000006cc500000)
 Metaspace       used 9288K, capacity 9506K, committed 9600K, reserved 1058816K
  class space    used 994K, capacity 1071K, committed 1152K, reserved 1048576K
Event: 9.241 GC heap after
Heap after GC invocations=3 (full 0):
 PSYoungGen      total 76288K, used 2908K [0x000000076b380000, 0x0000000770880000, 0x00000007c0000000)
  eden space 65536K, 0% used [0x000000076b380000,0x000000076b380000,0x000000076f380000)
  from space 10752K, 27% used [0x000000076f380000,0x000000076f6572c8,0x000000076fe00000)
  to   space 10752K, 0% used [0x000000076fe00000,0x000000076fe00000,0x0000000770880000)
 ParOldGen       total 175104K, used 32K [0x00000006c1a00000, 0x00000006cc500000, 0x000000076b380000)
  object space 175104K, 0% used [0x00000006c1a00000,0x00000006c1a08000,0x00000006cc500000)
 Metaspace       used 9288K, capacity 9506K, committed 9600K, reserved 1058816K
  class space    used 994K, capacity 1071K, committed 1152K, reserved 1048576K
}
Event: 12.667 GC heap before
{Heap before GC invocations=4 (full 0):
 PSYoungGen      total 76288K, used 68444K [0x000000076b380000, 0x0000000770880000, 0x00000007c0000000)
  eden space 65536K, 100% used [0x000000076b380000,0x000000076f380000,0x000000076f380000)
  from space 10752K, 27% used [0x000000076f380000,0x000000076f6572c8,0x000000076fe00000)
  to   space 10752K, 0% used [0x000000076fe00000,0x000000076fe00000,0x0000000770880000)
 ParOldGen       total 175104K, used 32K [0x00000006c1a00000, 0x00000006cc500000, 0x000000076b380000)
  object space 175104K, 0% used [0x00000006c1a00000,0x00000006c1a08000,0x00000006cc500000)
 Metaspace       used 9288K, capacity 9506K, committed 9600K, reserved 1058816K
  class space    used 994K, capacity 1071K, committed 1152K, reserved 1048576K
Event: 12.670 GC heap after
Heap after GC invocations=4 (full 0):
 PSYoungGen      total 76288K, used 2955K [0x000000076b380000, 0x0000000770880000, 0x00000007c0000000)
  eden space 65536K, 0% used [0x000000076b380000,0x000000076b380000,0x000000076f380000)
  from space 10752K, 27% used [0x000000076fe00000,0x00000007700e2c10,0x0000000770880000)
  to   space 10752K, 0% used [0x000000076f380000,0x000000076f380000,0x000000076fe00000)
 ParOldGen       total 175104K, used 40K [0x00000006c1a00000, 0x00000006cc500000, 0x000000076b380000)
  object space 175104K, 0% used [0x00000006c1a00000,0x00000006c1a0a000,0x00000006cc500000)
 Metaspace       used 9288K, capacity 9506K, committed 9600K, reserved 1058816K
  class space    used 994K, capacity 1071K, committed 1152K, reserved 1048576K
}
Event: 15.095 GC heap before
{Heap before GC invocations=5 (full 0):
 PSYoungGen      total 76288K, used 68491K [0x000000076b380000, 0x0000000770880000, 0x00000007c0000000)
  eden space 65536K, 100% used [0x000000076b380000,0x000000076f380000,0x000000076f380000)
  from space 10752K, 27% used [0x000000076fe00000,0x00000007700e2c10,0x0000000770880000)
  to   space 10752K, 0% used [0x000000076f380000,0x000000076f380000,0x000000076fe00000)
 ParOldGen       total 175104K, used 40K [0x00000006c1a00000, 0x00000006cc500000, 0x000000076b380000)
  object space 175104K, 0% used [0x00000006c1a00000,0x00000006c1a0a000,0x00000006cc500000)
 Metaspace       used 9288K, capacity 9506K, committed 9600K, reserved 1058816K
  class space    used 994K, capacity 1071K, committed 1152K, reserved 1048576K
Event: 15.100 GC heap after
Heap after GC invocations=5 (full 0):
 PSYoungGen      total 67072K, used 2875K [0x000000076b380000, 0x000000076fe80000, 0x00000007c0000000)
  eden space 64000K, 0% used [0x000000076b380000,0x000000076b380000,0x000000076f200000)
  from space 3072K, 93% used [0x000000076f380000,0x000000076f64ec00,0x000000076f680000)
  to   space 3584K, 0% used [0x000000076fb00000,0x000000076fb00000,0x000000076fe80000)
 ParOldGen       total 175104K, used 48K [0x00000006c1a00000, 0x00000006cc500000, 0x000000076b380000)
  object space 175104K, 0% used [0x00000006c1a00000,0x00000006c1a0c000,0x00000006cc500000)
 Metaspace       used 9288K, capacity 9506K, committed 9600K, reserved 1058816K
  class space    used 994K, capacity 1071K, committed 1152K, reserved 1048576K
}

